<?xml version="1.0" encoding="UTF-8" standalone="no"?>
<!DOCTYPE report PUBLIC "-//JACOCO//DTD Report 1.0//EN" "report.dtd">
<report name="Pester (10/20/2017 00:45:58)">
  <sessioninfo id="this" start="1508460263543" dump="1508460358950" />
  <package name="Powershell">
    <sourcefile name="C:\repos\Pester\Pester.psm1">
      <line nr="5" ci="0" mi="1" />
      <line nr="7" ci="0" mi="1" />
      <line nr="8" ci="0" mi="1" />
      <line nr="9" ci="0" mi="1" />
      <line nr="13" ci="0" mi="1" />
      <line nr="14" ci="0" mi="1" />
      <line nr="15" ci="0" mi="1" />
      <line nr="25" ci="0" mi="1" />
      <line nr="26" ci="0" mi="1" />
      <line nr="27" ci="0" mi="1" />
      <line nr="30" ci="0" mi="1" />
      <line nr="32" ci="0" mi="1" />
      <line nr="35" ci="0" mi="1" />
      <line nr="36" ci="0" mi="1" />
      <line nr="37" ci="0" mi="1" />
      <line nr="38" ci="0" mi="1" />
      <line nr="39" ci="0" mi="1" />
      <line nr="40" ci="0" mi="1" />
      <line nr="41" ci="0" mi="1" />
      <line nr="42" ci="0" mi="1" />
      <line nr="43" ci="0" mi="1" />
      <line nr="44" ci="0" mi="1" />
      <line nr="45" ci="0" mi="1" />
      <line nr="46" ci="0" mi="1" />
      <line nr="47" ci="0" mi="1" />
      <line nr="48" ci="0" mi="1" />
      <line nr="49" ci="0" mi="1" />
      <line nr="50" ci="0" mi="1" />
      <line nr="51" ci="0" mi="1" />
      <line nr="52" ci="0" mi="1" />
      <line nr="53" ci="0" mi="1" />
      <line nr="54" ci="0" mi="1" />
      <line nr="55" ci="0" mi="1" />
      <line nr="56" ci="0" mi="1" />
      <line nr="57" ci="0" mi="1" />
      <line nr="58" ci="0" mi="1" />
      <line nr="59" ci="0" mi="1" />
      <line nr="60" ci="0" mi="1" />
      <line nr="61" ci="0" mi="1" />
      <line nr="62" ci="0" mi="1" />
      <line nr="63" ci="0" mi="1" />
      <line nr="64" ci="0" mi="1" />
      <line nr="65" ci="0" mi="1" />
      <line nr="66" ci="0" mi="1" />
      <line nr="67" ci="0" mi="1" />
      <line nr="68" ci="0" mi="1" />
      <line nr="69" ci="0" mi="1" />
      <line nr="70" ci="0" mi="1" />
      <line nr="71" ci="0" mi="1" />
      <line nr="72" ci="0" mi="1" />
      <line nr="73" ci="0" mi="1" />
      <line nr="74" ci="0" mi="1" />
      <line nr="75" ci="0" mi="1" />
      <line nr="76" ci="0" mi="1" />
      <line nr="77" ci="0" mi="1" />
      <line nr="78" ci="0" mi="1" />
      <line nr="79" ci="0" mi="1" />
      <line nr="80" ci="0" mi="1" />
      <line nr="81" ci="0" mi="1" />
      <line nr="82" ci="0" mi="1" />
      <line nr="83" ci="0" mi="1" />
      <line nr="84" ci="0" mi="1" />
      <line nr="85" ci="0" mi="1" />
      <line nr="86" ci="0" mi="1" />
      <line nr="93" ci="0" mi="1" />
      <line nr="95" ci="0" mi="1" />
      <line nr="97" ci="0" mi="1" />
      <line nr="99" ci="0" mi="1" />
      <line nr="103" ci="0" mi="1" />
      <line nr="109" ci="0" mi="1" />
      <line nr="111" ci="0" mi="1" />
      <line nr="113" ci="0" mi="2" />
      <line nr="117" ci="0" mi="2" />
      <line nr="118" ci="0" mi="2" />
      <line nr="119" ci="0" mi="1" />
      <line nr="124" ci="1" mi="0" />
      <line nr="130" ci="1" mi="0" />
      <line nr="132" ci="0" mi="1" />
      <line nr="139" ci="1" mi="0" />
      <line nr="141" ci="0" mi="1" />
      <line nr="207" ci="1" mi="0" />
      <line nr="208" ci="1" mi="0" />
      <line nr="209" ci="1" mi="0" />
      <line nr="210" ci="1" mi="0" />
      <line nr="211" ci="1" mi="0" />
      <line nr="213" ci="1" mi="0" />
      <line nr="219" ci="1" mi="0" />
      <line nr="220" ci="1" mi="0" />
      <line nr="221" ci="1" mi="0" />
      <line nr="224" ci="1" mi="0" />
      <line nr="226" ci="1" mi="0" />
      <line nr="228" ci="4" mi="0" />
      <line nr="230" ci="1" mi="0" />
      <line nr="231" ci="1" mi="0" />
      <line nr="234" ci="1" mi="0" />
      <line nr="242" ci="1" mi="0" />
      <line nr="243" ci="2" mi="0" />
      <line nr="245" ci="1" mi="0" />
      <line nr="247" ci="1" mi="0" />
      <line nr="255" ci="4" mi="0" />
      <line nr="257" ci="1" mi="0" />
      <line nr="259" ci="1" mi="0" />
      <line nr="261" ci="1" mi="0" />
      <line nr="264" ci="1" mi="0" />
      <line nr="266" ci="2" mi="0" />
      <line nr="277" ci="1" mi="0" />
      <line nr="278" ci="1" mi="0" />
      <line nr="279" ci="1" mi="0" />
      <line nr="281" ci="1" mi="0" />
      <line nr="282" ci="1" mi="0" />
      <line nr="283" ci="1" mi="0" />
      <line nr="285" ci="1" mi="0" />
      <line nr="286" ci="1" mi="0" />
      <line nr="287" ci="2" mi="0" />
      <line nr="289" ci="1" mi="0" />
      <line nr="290" ci="2" mi="0" />
      <line nr="291" ci="1" mi="0" />
      <line nr="294" ci="2" mi="0" />
      <line nr="295" ci="1" mi="0" />
      <line nr="297" ci="1" mi="0" />
      <line nr="299" ci="1" mi="0" />
      <line nr="303" ci="0" mi="3" />
      <line nr="304" ci="0" mi="1" />
      <line nr="307" ci="1" mi="0" />
      <line nr="308" ci="1" mi="0" />
      <line nr="309" ci="1" mi="0" />
      <line nr="310" ci="1" mi="0" />
      <line nr="312" ci="1" mi="0" />
      <line nr="313" ci="1" mi="0" />
      <line nr="315" ci="0" mi="1" />
      <line nr="317" ci="0" mi="1" />
      <line nr="319" ci="0" mi="3" />
      <line nr="322" ci="0" mi="1" />
      <line nr="324" ci="0" mi="1" />
      <line nr="326" ci="0" mi="3" />
      <line nr="330" ci="0" mi="1" />
      <line nr="332" ci="0" mi="1" />
      <line nr="340" ci="0" mi="3" />
      <line nr="341" ci="0" mi="1" />
      <line nr="344" ci="0" mi="1" />
      <line nr="345" ci="0" mi="1" />
      <line nr="346" ci="0" mi="1" />
      <line nr="347" ci="0" mi="2" />
      <line nr="349" ci="0" mi="1" />
      <line nr="355" ci="1" mi="0" />
      <line nr="360" ci="1" mi="0" />
      <line nr="363" ci="0" mi="1" />
      <line nr="364" ci="0" mi="1" />
      <line nr="365" ci="0" mi="1" />
      <line nr="366" ci="0" mi="3" />
      <line nr="367" ci="0" mi="2" />
      <line nr="369" ci="0" mi="1" />
      <line nr="405" ci="2" mi="0" />
      <line nr="786" ci="0" mi="1" />
      <line nr="789" ci="0" mi="1" />
      <line nr="791" ci="0" mi="1" />
      <line nr="797" ci="0" mi="1" />
      <line nr="799" ci="0" mi="1" />
      <line nr="800" ci="0" mi="1" />
      <line nr="802" ci="0" mi="1" />
      <line nr="804" ci="0" mi="1" />
      <line nr="808" ci="0" mi="1" />
      <line nr="809" ci="0" mi="3" />
      <line nr="813" ci="0" mi="1" />
      <line nr="815" ci="1" mi="0" />
      <line nr="824" ci="1" mi="0" />
      <line nr="827" ci="0" mi="1" />
      <line nr="829" ci="0" mi="2" />
      <line nr="832" ci="0" mi="1" />
      <line nr="834" ci="0" mi="1" />
      <line nr="835" ci="0" mi="1" />
      <line nr="838" ci="0" mi="1" />
      <line nr="844" ci="0" mi="1" />
      <line nr="852" ci="0" mi="1" />
      <line nr="853" ci="0" mi="1" />
      <line nr="857" ci="0" mi="1" />
      <line nr="859" ci="0" mi="1" />
      <line nr="863" ci="0" mi="1" />
      <line nr="864" ci="0" mi="1" />
      <line nr="867" ci="0" mi="1" />
      <line nr="872" ci="0" mi="2" />
      <line nr="873" ci="0" mi="2" />
      <line nr="878" ci="0" mi="2" />
      <line nr="880" ci="0" mi="2" />
      <line nr="884" ci="0" mi="1" />
      <line nr="885" ci="0" mi="1" />
      <line nr="889" ci="0" mi="2" />
      <line nr="890" ci="0" mi="1" />
      <line nr="891" ci="0" mi="1" />
      <line nr="893" ci="0" mi="1" />
      <line nr="895" ci="0" mi="2" />
      <line nr="896" ci="0" mi="1" />
      <line nr="897" ci="0" mi="1" />
      <line nr="898" ci="0" mi="2" />
      <line nr="900" ci="0" mi="1" />
      <line nr="904" ci="0" mi="1" />
      <line nr="907" ci="0" mi="1" />
      <line nr="909" ci="0" mi="1" />
      <line nr="910" ci="0" mi="1" />
      <line nr="913" ci="0" mi="1" />
      <line nr="915" ci="0" mi="1" />
      <line nr="916" ci="0" mi="1" />
      <line nr="918" ci="0" mi="1" />
      <line nr="920" ci="0" mi="4" />
      <line nr="924" ci="0" mi="2" />
      <line nr="927" ci="0" mi="2" />
      <line nr="969" ci="1" mi="0" />
      <line nr="970" ci="1" mi="0" />
      <line nr="971" ci="1" mi="0" />
      <line nr="979" ci="1" mi="0" />
      <line nr="980" ci="1" mi="0" />
      <line nr="982" ci="1" mi="0" />
      <line nr="984" ci="1" mi="0" />
      <line nr="985" ci="2" mi="0" />
      <line nr="986" ci="1" mi="0" />
      <line nr="988" ci="2" mi="0" />
      <line nr="990" ci="1" mi="0" />
      <line nr="992" ci="1" mi="0" />
      <line nr="995" ci="1" mi="0" />
      <line nr="997" ci="1" mi="0" />
      <line nr="1002" ci="1" mi="0" />
      <line nr="1003" ci="1" mi="0" />
      <line nr="1004" ci="1" mi="0" />
      <line nr="1007" ci="1" mi="0" />
      <line nr="1008" ci="1" mi="0" />
      <line nr="1009" ci="1" mi="0" />
      <line nr="1011" ci="1" mi="0" />
      <line nr="1012" ci="1" mi="0" />
      <line nr="1014" ci="0" mi="1" />
      <line nr="1018" ci="1" mi="0" />
      <line nr="1019" ci="1" mi="0" />
      <line nr="1020" ci="1" mi="0" />
      <line nr="1021" ci="1" mi="0" />
      <line nr="1029" ci="1" mi="0" />
      <line nr="1030" ci="2" mi="0" />
      <line nr="1031" ci="1" mi="0" />
      <line nr="1032" ci="1" mi="0" />
      <line nr="1033" ci="2" mi="0" />
      <line nr="1034" ci="1" mi="0" />
      <line nr="1035" ci="1" mi="0" />
      <line nr="1036" ci="1" mi="0" />
      <line nr="1037" ci="1" mi="0" />
      <line nr="1038" ci="1" mi="0" />
      <line nr="1039" ci="1" mi="0" />
      <line nr="1051" ci="1" mi="0" />
      <line nr="1058" ci="1" mi="0" />
      <line nr="1060" ci="2" mi="0" />
      <line nr="1080" ci="1" mi="0" />
      <line nr="1082" ci="1" mi="0" />
      <line nr="1084" ci="1" mi="0" />
      <line nr="1087" ci="1" mi="0" />
      <line nr="1099" ci="1" mi="0" />
      <line nr="1100" ci="1" mi="0" />
      <line nr="1111" ci="1" mi="0" />
      <line nr="1116" ci="0" mi="2" />
      <line nr="1118" ci="0" mi="1" />
      <line nr="1120" ci="0" mi="1" />
      <line nr="1122" ci="0" mi="1" />
      <line nr="1124" ci="0" mi="1" />
      <line nr="1125" ci="0" mi="1" />
      <line nr="1126" ci="0" mi="1" />
      <line nr="1127" ci="0" mi="1" />
      <line nr="1128" ci="0" mi="1" />
      <line nr="1129" ci="0" mi="1" />
      <line nr="1130" ci="0" mi="1" />
      <line nr="1132" ci="0" mi="1" />
      <line nr="1134" ci="0" mi="1" />
      <line nr="1136" ci="0" mi="1" />
      <line nr="1138" ci="0" mi="1" />
      <line nr="1139" ci="0" mi="1" />
      <line nr="1140" ci="0" mi="1" />
      <line nr="1141" ci="0" mi="1" />
      <line nr="1142" ci="0" mi="1" />
      <line nr="1145" ci="0" mi="1" />
      <line nr="1150" ci="0" mi="1" />
      <line nr="1151" ci="0" mi="2" />
      <line nr="1152" ci="0" mi="1" />
      <line nr="1153" ci="0" mi="1" />
      <line nr="1154" ci="0" mi="1" />
      <line nr="1156" ci="0" mi="1" />
      <line nr="1178" ci="0" mi="1" />
      <line nr="1182" ci="0" mi="1" />
      <line nr="1183" ci="0" mi="1" />
      <line nr="1184" ci="0" mi="1" />
      <line nr="1185" ci="0" mi="1" />
      <line nr="1186" ci="0" mi="1" />
      <line nr="1187" ci="0" mi="1" />
      <line nr="1188" ci="0" mi="1" />
      <counter type="LINE" missed="218" covered="119" />
    </sourcefile>
    <sourcefile name="C:\repos\Pester\Functions\Coverage.ps1">
      <line nr="1" ci="0" mi="1" />
      <line nr="9" ci="0" mi="2" />
      <line nr="24" ci="1" mi="0" />
      <line nr="26" ci="1" mi="0" />
      <line nr="29" ci="2" mi="0" />
      <line nr="36" ci="1" mi="0" />
      <line nr="38" ci="2" mi="0" />
      <line nr="39" ci="1" mi="0" />
      <line nr="41" ci="1" mi="0" />
      <line nr="53" ci="1" mi="0" />
      <line nr="55" ci="1" mi="0" />
      <line nr="59" ci="2" mi="0" />
      <line nr="62" ci="1" mi="0" />
      <line nr="69" ci="1" mi="0" />
      <line nr="70" ci="1" mi="0" />
      <line nr="71" ci="1" mi="0" />
      <line nr="72" ci="1" mi="0" />
      <line nr="73" ci="1" mi="0" />
      <line nr="81" ci="1" mi="0" />
      <line nr="82" ci="1" mi="0" />
      <line nr="84" ci="0" mi="1" />
      <line nr="87" ci="1" mi="0" />
      <line nr="88" ci="1" mi="0" />
      <line nr="89" ci="1" mi="0" />
      <line nr="91" ci="1" mi="0" />
      <line nr="92" ci="1" mi="0" />
      <line nr="94" ci="1" mi="0" />
      <line nr="103" ci="1" mi="0" />
      <line nr="107" ci="0" mi="1" />
      <line nr="115" ci="1" mi="0" />
      <line nr="119" ci="1" mi="0" />
      <line nr="123" ci="0" mi="2" />
      <line nr="128" ci="1" mi="0" />
      <line nr="130" ci="1" mi="0" />
      <line nr="131" ci="2" mi="0" />
      <line nr="133" ci="1" mi="0" />
      <line nr="135" ci="0" mi="1" />
      <line nr="137" ci="0" mi="2" />
      <line nr="141" ci="1" mi="0" />
      <line nr="142" ci="1" mi="0" />
      <line nr="143" ci="1" mi="0" />
      <line nr="144" ci="1" mi="0" />
      <line nr="147" ci="1" mi="0" />
      <line nr="149" ci="1" mi="0" />
      <line nr="150" ci="1" mi="0" />
      <line nr="161" ci="3" mi="0" />
      <line nr="162" ci="1" mi="0" />
      <line nr="164" ci="2" mi="0" />
      <line nr="165" ci="1" mi="0" />
      <line nr="166" ci="1" mi="0" />
      <line nr="169" ci="1" mi="0" />
      <line nr="171" ci="1" mi="0" />
      <line nr="173" ci="1" mi="0" />
      <line nr="175" ci="1" mi="0" />
      <line nr="177" ci="1" mi="0" />
      <line nr="178" ci="1" mi="0" />
      <line nr="184" ci="2" mi="0" />
      <line nr="192" ci="1" mi="0" />
      <line nr="193" ci="1" mi="0" />
      <line nr="194" ci="1" mi="0" />
      <line nr="196" ci="1" mi="0" />
      <line nr="201" ci="0" mi="1" />
      <line nr="202" ci="0" mi="1" />
      <line nr="208" ci="2" mi="0" />
      <line nr="211" ci="1" mi="0" />
      <line nr="212" ci="1" mi="0" />
      <line nr="219" ci="1" mi="0" />
      <line nr="221" ci="1" mi="0" />
      <line nr="225" ci="1" mi="0" />
      <line nr="234" ci="3" mi="0" />
      <line nr="236" ci="1" mi="0" />
      <line nr="237" ci="1" mi="0" />
      <line nr="239" ci="1" mi="0" />
      <line nr="243" ci="1" mi="0" />
      <line nr="250" ci="1" mi="0" />
      <line nr="251" ci="1" mi="0" />
      <line nr="252" ci="1" mi="0" />
      <line nr="253" ci="1" mi="0" />
      <line nr="257" ci="2" mi="0" />
      <line nr="259" ci="2" mi="0" />
      <line nr="260" ci="1" mi="0" />
      <line nr="266" ci="1" mi="0" />
      <line nr="273" ci="1" mi="0" />
      <line nr="275" ci="1" mi="0" />
      <line nr="276" ci="1" mi="0" />
      <line nr="277" ci="1" mi="0" />
      <line nr="278" ci="1" mi="0" />
      <line nr="279" ci="0" mi="1" />
      <line nr="282" ci="1" mi="0" />
      <line nr="284" ci="1" mi="0" />
      <line nr="285" ci="1" mi="0" />
      <line nr="286" ci="1" mi="0" />
      <line nr="287" ci="1" mi="0" />
      <line nr="288" ci="1" mi="0" />
      <line nr="289" ci="1" mi="0" />
      <line nr="297" ci="1" mi="0" />
      <line nr="302" ci="1" mi="0" />
      <line nr="305" ci="1" mi="0" />
      <line nr="307" ci="1" mi="0" />
      <line nr="312" ci="1" mi="0" />
      <line nr="315" ci="1" mi="0" />
      <line nr="320" ci="1" mi="0" />
      <line nr="324" ci="1" mi="0" />
      <line nr="328" ci="0" mi="1" />
      <line nr="331" ci="1" mi="0" />
      <line nr="338" ci="3" mi="0" />
      <line nr="340" ci="1" mi="0" />
      <line nr="345" ci="0" mi="1" />
      <line nr="348" ci="0" mi="1" />
      <line nr="353" ci="1" mi="0" />
      <line nr="357" ci="1" mi="0" />
      <line nr="362" ci="1" mi="0" />
      <line nr="369" ci="1" mi="0" />
      <line nr="371" ci="1" mi="0" />
      <line nr="373" ci="2" mi="0" />
      <line nr="377" ci="0" mi="1" />
      <line nr="380" ci="1" mi="0" />
      <line nr="383" ci="1" mi="0" />
      <line nr="390" ci="1" mi="0" />
      <line nr="392" ci="1" mi="0" />
      <line nr="394" ci="1" mi="0" />
      <line nr="397" ci="1" mi="0" />
      <line nr="399" ci="1" mi="0" />
      <line nr="403" ci="1" mi="0" />
      <line nr="411" ci="1" mi="0" />
      <line nr="412" ci="1" mi="0" />
      <line nr="413" ci="1" mi="0" />
      <line nr="414" ci="1" mi="0" />
      <line nr="415" ci="1" mi="0" />
      <line nr="418" ci="1" mi="0" />
      <line nr="420" ci="1" mi="0" />
      <line nr="422" ci="1" mi="0" />
      <line nr="424" ci="1" mi="0" />
      <line nr="426" ci="1" mi="0" />
      <line nr="428" ci="1" mi="0" />
      <line nr="432" ci="1" mi="0" />
      <line nr="439" ci="1" mi="0" />
      <line nr="440" ci="2" mi="0" />
      <line nr="442" ci="1" mi="0" />
      <line nr="444" ci="1" mi="0" />
      <line nr="447" ci="1" mi="0" />
      <line nr="457" ci="1" mi="0" />
      <line nr="459" ci="1" mi="0" />
      <line nr="461" ci="1" mi="0" />
      <line nr="463" ci="1" mi="0" />
      <line nr="468" ci="0" mi="1" />
      <line nr="474" ci="3" mi="0" />
      <line nr="480" ci="3" mi="0" />
      <line nr="487" ci="1" mi="0" />
      <line nr="489" ci="3" mi="0" />
      <line nr="490" ci="3" mi="0" />
      <line nr="491" ci="3" mi="0" />
      <line nr="492" ci="3" mi="0" />
      <line nr="493" ci="1" mi="0" />
      <line nr="495" ci="1" mi="0" />
      <line nr="497" ci="1" mi="0" />
      <line nr="498" ci="1" mi="0" />
      <line nr="499" ci="1" mi="0" />
      <line nr="500" ci="1" mi="0" />
      <line nr="501" ci="1" mi="0" />
      <line nr="502" ci="1" mi="0" />
      <line nr="503" ci="1" mi="0" />
      <line nr="504" ci="1" mi="0" />
      <line nr="505" ci="1" mi="0" />
      <line nr="513" ci="1" mi="0" />
      <line nr="514" ci="1" mi="0" />
      <line nr="515" ci="1" mi="0" />
      <line nr="516" ci="1" mi="0" />
      <line nr="519" ci="1" mi="0" />
      <line nr="521" ci="1" mi="0" />
      <line nr="523" ci="1" mi="0" />
      <line nr="525" ci="2" mi="0" />
      <line nr="527" ci="1" mi="0" />
      <line nr="529" ci="1" mi="0" />
      <line nr="533" ci="1" mi="0" />
      <line nr="538" ci="0" mi="1" />
      <line nr="544" ci="3" mi="0" />
      <line nr="562" ci="1" mi="0" />
      <line nr="564" ci="1" mi="0" />
      <line nr="566" ci="1" mi="0" />
      <line nr="568" ci="1" mi="0" />
      <line nr="570" ci="1" mi="0" />
      <line nr="571" ci="1" mi="0" />
      <line nr="574" ci="1" mi="0" />
      <line nr="590" ci="2" mi="0" />
      <line nr="595" ci="1" mi="0" />
      <line nr="596" ci="5" mi="0" />
      <line nr="597" ci="5" mi="0" />
      <line nr="598" ci="1" mi="0" />
      <line nr="600" ci="5" mi="0" />
      <line nr="601" ci="5" mi="0" />
      <line nr="602" ci="1" mi="0" />
      <line nr="604" ci="1" mi="0" />
      <line nr="605" ci="5" mi="0" />
      <line nr="606" ci="1" mi="0" />
      <line nr="608" ci="1" mi="0" />
      <line nr="609" ci="1" mi="0" />
      <line nr="610" ci="2" mi="0" />
      <line nr="611" ci="1" mi="0" />
      <line nr="614" ci="1" mi="0" />
      <line nr="615" ci="1" mi="0" />
      <line nr="616" ci="1" mi="0" />
      <line nr="618" ci="1" mi="0" />
      <line nr="620" ci="1" mi="0" />
      <line nr="622" ci="1" mi="0" />
      <line nr="623" ci="1" mi="0" />
      <line nr="624" ci="1" mi="0" />
      <line nr="625" ci="1" mi="0" />
      <line nr="626" ci="1" mi="0" />
      <line nr="628" ci="1" mi="0" />
      <line nr="629" ci="1" mi="0" />
      <line nr="630" ci="1" mi="0" />
      <line nr="631" ci="1" mi="0" />
      <line nr="633" ci="1" mi="0" />
      <line nr="636" ci="1" mi="0" />
      <line nr="637" ci="1" mi="0" />
      <line nr="638" ci="1" mi="0" />
      <line nr="639" ci="1" mi="0" />
      <line nr="640" ci="1" mi="0" />
      <line nr="641" ci="1" mi="0" />
      <line nr="642" ci="1" mi="0" />
      <line nr="643" ci="1" mi="0" />
      <line nr="644" ci="1" mi="0" />
      <line nr="645" ci="1" mi="0" />
      <line nr="647" ci="1" mi="0" />
      <line nr="649" ci="1" mi="0" />
      <line nr="650" ci="1" mi="0" />
      <line nr="651" ci="1" mi="0" />
      <line nr="652" ci="1" mi="0" />
      <line nr="653" ci="1" mi="0" />
      <line nr="654" ci="1" mi="0" />
      <line nr="655" ci="1" mi="0" />
      <line nr="656" ci="1" mi="0" />
      <line nr="658" ci="1" mi="0" />
      <line nr="659" ci="1" mi="0" />
      <line nr="661" ci="1" mi="0" />
      <line nr="662" ci="1" mi="0" />
      <line nr="664" ci="1" mi="0" />
      <line nr="665" ci="1" mi="0" />
      <line nr="667" ci="1" mi="0" />
      <line nr="668" ci="1" mi="0" />
      <line nr="670" ci="1" mi="0" />
      <line nr="673" ci="1" mi="0" />
      <line nr="675" ci="1" mi="0" />
      <line nr="676" ci="1" mi="0" />
      <line nr="677" ci="1" mi="0" />
      <line nr="678" ci="1" mi="0" />
      <line nr="679" ci="1" mi="0" />
      <line nr="680" ci="1" mi="0" />
      <line nr="681" ci="1" mi="0" />
      <line nr="682" ci="1" mi="0" />
      <line nr="683" ci="1" mi="0" />
      <line nr="684" ci="1" mi="0" />
      <line nr="685" ci="1" mi="0" />
      <line nr="686" ci="1" mi="0" />
      <line nr="689" ci="1" mi="0" />
      <line nr="691" ci="1" mi="0" />
      <line nr="692" ci="1" mi="0" />
      <line nr="693" ci="1" mi="0" />
      <line nr="694" ci="1" mi="0" />
      <line nr="698" ci="1" mi="0" />
      <line nr="699" ci="1" mi="0" />
      <line nr="700" ci="1" mi="0" />
      <line nr="701" ci="1" mi="0" />
      <line nr="706" ci="1" mi="0" />
      <line nr="707" ci="1" mi="0" />
      <line nr="708" ci="1" mi="0" />
      <line nr="709" ci="1" mi="0" />
      <line nr="710" ci="1" mi="0" />
      <line nr="711" ci="1" mi="0" />
      <line nr="712" ci="1" mi="0" />
      <line nr="713" ci="1" mi="0" />
      <line nr="715" ci="1" mi="0" />
      <line nr="716" ci="1" mi="0" />
      <counter type="LINE" missed="19" covered="312" />
    </sourcefile>
  </package>
  <counter type="INSTRUCTION" missed="237" covered="431" />
  <counter type="LINE" missed="202" covered="360" />
  <counter type="METHOD" missed="4" covered="45" />
  <counter type="CLASS" missed="0" covered="2" />
</report>
